# JRE version: OpenJDK Runtime Environment (11.0.11+9) (build 11.0.11+9-b60-7590822)
# Java VM: OpenJDK 64-Bit Server VM (11.0.11+9-b60-7590822, mixed mode, tiered, compressed oops, g1 gc, windows-amd64)
Heap:
 garbage-first heap   total 260096K, used 116736K [0x0000000080000000, 0x0000000100000000)
  region size 1024K, 62 young (63488K), 14 survivors (14336K)
 Metaspace       used 84077K, capacity 86096K, committed 86228K, reserved 1124352K
  class space    used 10844K, capacity 11641K, committed 11648K, reserved 1048576K
GC Heap History (20 events):
Event: 2.459 GC heap before
{Heap before GC invocations=2 (full 0):
 garbage-first heap   total 260096K, used 65297K [0x0000000080000000, 0x0000000100000000)
  region size 1024K, 55 young (56320K), 1 survivors (1024K)
 Metaspace       used 18084K, capacity 18515K, committed 18688K, reserved 1064960K
  class space    used 2154K, capacity 2287K, committed 2304K, reserved 1048576K
}
Event: 2.463 GC heap after
{Heap after GC invocations=3 (full 0):
 garbage-first heap   total 260096K, used 16315K [0x0000000080000000, 0x0000000100000000)
  region size 1024K, 7 young (7168K), 7 survivors (7168K)
 Metaspace       used 18084K, capacity 18515K, committed 18688K, reserved 1064960K
  class space    used 2154K, capacity 2287K, committed 2304K, reserved 1048576K
}
Event: 2.696 GC heap before
{Heap before GC invocations=3 (full 0):
 garbage-first heap   total 260096K, used 37819K [0x0000000080000000, 0x0000000100000000)
  region size 1024K, 29 young (29696K), 7 survivors (7168K)
 Metaspace       used 20658K, capacity 21104K, committed 21296K, reserved 1069056K
  class space    used 2533K, capacity 2660K, committed 2688K, reserved 1048576K
}
Event: 2.704 GC heap after
{Heap after GC invocations=4 (full 0):
 garbage-first heap   total 260096K, used 17083K [0x0000000080000000, 0x0000000100000000)
  region size 1024K, 1 young (1024K), 1 survivors (1024K)
 Metaspace       used 20658K, capacity 21104K, committed 21296K, reserved 1069056K
  class space    used 2533K, capacity 2660K, committed 2688K, reserved 1048576K
}
Event: 3.606 GC heap before
{Heap before GC invocations=5 (full 0):
 garbage-first heap   total 260096K, used 97979K [0x0000000080000000, 0x0000000100000000)
  region size 1024K, 80 young (81920K), 1 survivors (1024K)
 Metaspace       used 28370K, capacity 29027K, committed 29184K, reserved 1075200K
  class space    used 3775K, capacity 4012K, committed 4096K, reserved 1048576K
}
Event: 3.611 GC heap after
{Heap after GC invocations=6 (full 0):
 garbage-first heap   total 260096K, used 19762K [0x0000000080000000, 0x0000000100000000)
  region size 1024K, 4 young (4096K), 4 survivors (4096K)
 Metaspace       used 28370K, capacity 29027K, committed 29184K, reserved 1075200K
  class space    used 3775K, capacity 4012K, committed 4096K, reserved 1048576K
}
Event: 4.253 GC heap before
{Heap before GC invocations=6 (full 0):
 garbage-first heap   total 260096K, used 50482K [0x0000000080000000, 0x0000000100000000)
  region size 1024K, 36 young (36864K), 4 survivors (4096K)
 Metaspace       used 35064K, capacity 35845K, committed 36048K, reserved 1081344K
  class space    used 4563K, capacity 4863K, committed 4864K, reserved 1048576K
}
Event: 4.263 GC heap after
{Heap after GC invocations=7 (full 0):
 garbage-first heap   total 260096K, used 22529K [0x0000000080000000, 0x0000000100000000)
  region size 1024K, 7 young (7168K), 7 survivors (7168K)
 Metaspace       used 35064K, capacity 35845K, committed 36048K, reserved 1081344K
  class space    used 4563K, capacity 4863K, committed 4864K, reserved 1048576K
}
Event: 5.620 GC heap before
{Heap before GC invocations=8 (full 0):
 garbage-first heap   total 260096K, used 130049K [0x0000000080000000, 0x0000000100000000)
  region size 1024K, 109 young (111616K), 7 survivors (7168K)
 Metaspace       used 43822K, capacity 44818K, committed 44880K, reserved 1087488K
  class space    used 5607K, capacity 5983K, committed 6016K, reserved 1048576K
}
Event: 5.630 GC heap after
{Heap after GC invocations=9 (full 0):
 garbage-first heap   total 260096K, used 28869K [0x0000000080000000, 0x0000000100000000)
  region size 1024K, 13 young (13312K), 13 survivors (13312K)
 Metaspace       used 43822K, capacity 44818K, committed 44880K, reserved 1087488K
  class space    used 5607K, capacity 5983K, committed 6016K, reserved 1048576K
}
Event: 7.224 GC heap before
{Heap before GC invocations=9 (full 0):
 garbage-first heap   total 260096K, used 168133K [0x0000000080000000, 0x0000000100000000)
  region size 1024K, 145 young (148480K), 13 survivors (13312K)
 Metaspace       used 52426K, capacity 53733K, committed 53840K, reserved 1095680K
  class space    used 6681K, capacity 7190K, committed 7296K, reserved 1048576K
}
Event: 7.239 GC heap after
{Heap after GC invocations=10 (full 0):
 garbage-first heap   total 260096K, used 44599K [0x0000000080000000, 0x0000000100000000)
  region size 1024K, 19 young (19456K), 19 survivors (19456K)
 Metaspace       used 52426K, capacity 53733K, committed 53840K, reserved 1095680K
  class space    used 6681K, capacity 7190K, committed 7296K, reserved 1048576K
}
Event: 7.899 GC heap before
{Heap before GC invocations=10 (full 0):
 garbage-first heap   total 260096K, used 86583K [0x0000000080000000, 0x0000000100000000)
  region size 1024K, 61 young (62464K), 19 survivors (19456K)
 Metaspace       used 58765K, capacity 60075K, committed 60240K, reserved 1101824K
  class space    used 7429K, capacity 7956K, committed 8064K, reserved 1048576K
}
Event: 7.923 GC heap after
{Heap after GC invocations=11 (full 0):
 garbage-first heap   total 260096K, used 47899K [0x0000000080000000, 0x0000000100000000)
  region size 1024K, 4 young (4096K), 4 survivors (4096K)
 Metaspace       used 58765K, capacity 60075K, committed 60240K, reserved 1101824K
  class space    used 7429K, capacity 7956K, committed 8064K, reserved 1048576K
}
Event: 9.228 GC heap before
{Heap before GC invocations=12 (full 0):
 garbage-first heap   total 260096K, used 147227K [0x0000000080000000, 0x0000000100000000)
  region size 1024K, 101 young (103424K), 4 survivors (4096K)
 Metaspace       used 65671K, capacity 67254K, committed 67412K, reserved 1107968K
  class space    used 8319K, capacity 8930K, committed 8960K, reserved 1048576K
}
Event: 9.238 GC heap after
{Heap after GC invocations=13 (full 0):
 garbage-first heap   total 260096K, used 54398K [0x0000000080000000, 0x0000000100000000)
  region size 1024K, 10 young (10240K), 10 survivors (10240K)
 Metaspace       used 65671K, capacity 67254K, committed 67412K, reserved 1107968K
  class space    used 8319K, capacity 8930K, committed 8960K, reserved 1048576K
}
Event: 10.962 GC heap before
{Heap before GC invocations=14 (full 0):
 garbage-first heap   total 260096K, used 157822K [0x0000000080000000, 0x0000000100000000)
  region size 1024K, 111 young (113664K), 10 survivors (10240K)
 Metaspace       used 76154K, capacity 77864K, committed 78036K, reserved 1116160K
  class space    used 9922K, capacity 10566K, committed 10624K, reserved 1048576K
}
Event: 10.975 GC heap after
{Heap after GC invocations=15 (full 0):
 garbage-first heap   total 260096K, used 60493K [0x0000000080000000, 0x0000000100000000)
  region size 1024K, 7 young (7168K), 7 survivors (7168K)
 Metaspace       used 76154K, capacity 77864K, committed 78036K, reserved 1116160K
  class space    used 9922K, capacity 10566K, committed 10624K, reserved 1048576K
}
Event: 13.091 GC heap before
{Heap before GC invocations=15 (full 0):
 garbage-first heap   total 260096K, used 166989K [0x0000000080000000, 0x0000000100000000)
  region size 1024K, 112 young (114688K), 7 survivors (7168K)
 Metaspace       used 83189K, capacity 85195K, committed 85460K, reserved 1124352K
  class space    used 10759K, capacity 11536K, committed 11648K, reserved 1048576K
}
Event: 13.104 GC heap after
{Heap after GC invocations=16 (full 0):
 garbage-first heap   total 260096K, used 69632K [0x0000000080000000, 0x0000000100000000)
  region size 1024K, 14 young (14336K), 14 survivors (14336K)
 Metaspace       used 83189K, capacity 85195K, committed 85460K, reserved 1124352K
  class space    used 10759K, capacity 11536K, committed 11648K, reserved 1048576K
}

